###########################################################[

Copyright (C) 1994-2018 Synopsys, Inc.
This Synopsys software and all associated documentation are proprietary to Synopsys, Inc.
and may only be used pursuant to the terms and conditions of a written license agreement
with Synopsys, Inc. All other use, reproduction, modification, or distribution of the
Synopsys software or the associated documentation is strictly prohibited.
Tool: Synplify (R) Premier
Build: O-2018.09-SP1
Install: /vol/synopsys/fpga/O-2018.09-SP1
OS: Red Hat Enterprise Linux 8.7 (Ootpa)
Hostname: joker.ece.northwestern.edu
max virtual memory: unlimited (bytes)
max user processes: 62381
max stack size: 8388608 (bytes)


Implementation : rev_1
Synopsys Verilog Compiler, Version comp2018q4p1, Build 004R, Built Nov 27 2018 21:19:49

@N|Running in 64-bit mode
@N: CG1349 :	| Running Verilog Compiler in System Verilog mode

@N: CG1350 :	| Running Verilog Compiler in Multiple File Compilation Unit mode

@I::"/vol/synopsys/fpga/O-2018.09-SP1/lib/altera/altera.v" (library work)
@I::"/vol/synopsys/fpga/O-2018.09-SP1/lib/altera/quartus_prime181/cycloneive.v" (library work)
@I::"/vol/synopsys/fpga/O-2018.09-SP1/lib/altera/quartus_prime181/altera_mf.v" (library work)
@N: CG334 :"/vol/synopsys/fpga/O-2018.09-SP1/lib/altera/quartus_prime181/altera_mf.v":53001:16:53001:28|Read directive translate_off.
@N: CG333 :"/vol/synopsys/fpga/O-2018.09-SP1/lib/altera/quartus_prime181/altera_mf.v":53051:16:53051:27|Read directive translate_on.
@N: CG334 :"/vol/synopsys/fpga/O-2018.09-SP1/lib/altera/quartus_prime181/altera_mf.v":53060:16:53060:28|Read directive translate_off.
@N: CG333 :"/vol/synopsys/fpga/O-2018.09-SP1/lib/altera/quartus_prime181/altera_mf.v":53074:16:53074:27|Read directive translate_on.
@N: CG334 :"/vol/synopsys/fpga/O-2018.09-SP1/lib/altera/quartus_prime181/altera_mf.v":53221:20:53221:32|Read directive translate_off.
@N: CG333 :"/vol/synopsys/fpga/O-2018.09-SP1/lib/altera/quartus_prime181/altera_mf.v":53226:20:53226:31|Read directive translate_on.
@N: CG334 :"/vol/synopsys/fpga/O-2018.09-SP1/lib/altera/quartus_prime181/altera_mf.v":53229:20:53229:32|Read directive translate_off.
@N: CG333 :"/vol/synopsys/fpga/O-2018.09-SP1/lib/altera/quartus_prime181/altera_mf.v":53232:20:53232:31|Read directive translate_on.
@N: CG334 :"/vol/synopsys/fpga/O-2018.09-SP1/lib/altera/quartus_prime181/altera_mf.v":53346:20:53346:32|Read directive translate_off.
@N: CG333 :"/vol/synopsys/fpga/O-2018.09-SP1/lib/altera/quartus_prime181/altera_mf.v":53351:20:53351:31|Read directive translate_on.
@N: CG334 :"/vol/synopsys/fpga/O-2018.09-SP1/lib/altera/quartus_prime181/altera_mf.v":53354:20:53354:32|Read directive translate_off.
@N: CG333 :"/vol/synopsys/fpga/O-2018.09-SP1/lib/altera/quartus_prime181/altera_mf.v":53357:20:53357:31|Read directive translate_on.
@N: CG334 :"/vol/synopsys/fpga/O-2018.09-SP1/lib/altera/quartus_prime181/altera_mf.v":53446:20:53446:32|Read directive translate_off.
@N: CG333 :"/vol/synopsys/fpga/O-2018.09-SP1/lib/altera/quartus_prime181/altera_mf.v":53451:20:53451:31|Read directive translate_on.
@N: CG334 :"/vol/synopsys/fpga/O-2018.09-SP1/lib/altera/quartus_prime181/altera_mf.v":53454:20:53454:32|Read directive translate_off.
@N: CG333 :"/vol/synopsys/fpga/O-2018.09-SP1/lib/altera/quartus_prime181/altera_mf.v":53457:20:53457:31|Read directive translate_on.
@N: CG334 :"/vol/synopsys/fpga/O-2018.09-SP1/lib/altera/quartus_prime181/altera_mf.v":53545:20:53545:32|Read directive translate_off.
@N: CG333 :"/vol/synopsys/fpga/O-2018.09-SP1/lib/altera/quartus_prime181/altera_mf.v":53550:20:53550:31|Read directive translate_on.
@N: CG334 :"/vol/synopsys/fpga/O-2018.09-SP1/lib/altera/quartus_prime181/altera_mf.v":53553:20:53553:32|Read directive translate_off.
@N: CG333 :"/vol/synopsys/fpga/O-2018.09-SP1/lib/altera/quartus_prime181/altera_mf.v":53556:20:53556:31|Read directive translate_on.
@N: CG334 :"/vol/synopsys/fpga/O-2018.09-SP1/lib/altera/quartus_prime181/altera_mf.v":53642:20:53642:32|Read directive translate_off.
@N: CG333 :"/vol/synopsys/fpga/O-2018.09-SP1/lib/altera/quartus_prime181/altera_mf.v":53647:20:53647:31|Read directive translate_on.
@N: CG334 :"/vol/synopsys/fpga/O-2018.09-SP1/lib/altera/quartus_prime181/altera_mf.v":53650:20:53650:32|Read directive translate_off.
@N: CG333 :"/vol/synopsys/fpga/O-2018.09-SP1/lib/altera/quartus_prime181/altera_mf.v":53653:20:53653:31|Read directive translate_on.
@N: CG334 :"/vol/synopsys/fpga/O-2018.09-SP1/lib/altera/quartus_prime181/altera_mf.v":53861:12:53861:24|Read directive translate_off.
@N: CG333 :"/vol/synopsys/fpga/O-2018.09-SP1/lib/altera/quartus_prime181/altera_mf.v":53875:12:53875:23|Read directive translate_on.
@N: CG334 :"/vol/synopsys/fpga/O-2018.09-SP1/lib/altera/quartus_prime181/altera_mf.v":54140:12:54140:24|Read directive translate_off.
@N: CG333 :"/vol/synopsys/fpga/O-2018.09-SP1/lib/altera/quartus_prime181/altera_mf.v":54154:12:54154:23|Read directive translate_on.
@I::"/vol/synopsys/fpga/O-2018.09-SP1/lib/altera/quartus_prime181/altera_lpm.v" (library work)
@I::"/vol/synopsys/fpga/O-2018.09-SP1/lib/altera/quartus_prime181/altera_primitives.v" (library work)
@I::"/vol/synopsys/fpga/O-2018.09-SP1/lib/vlog/hypermods.v" (library __hyper__lib__)
@I::"/vol/synopsys/fpga/O-2018.09-SP1/lib/vlog/umr_capim.v" (library snps_haps)
@I::"/vol/synopsys/fpga/O-2018.09-SP1/lib/synip/hcei/zceistubs.v" (library snps_haps)
@I::"/vol/synopsys/fpga/O-2018.09-SP1/lib/vlog/scemi_objects.v" (library snps_haps)
@I::"/vol/synopsys/fpga/O-2018.09-SP1/lib/vlog/scemi_pipes.svh" (library snps_haps)
@I::"/home/gfa2226/fpga/hw3/motion_detect/fifo.sv" (library work)
@I::"/home/gfa2226/fpga/hw3/motion_detect/grayscale.sv" (library work)
@I::"/home/gfa2226/fpga/hw3/motion_detect/highlight.sv" (library work)
@I::"/home/gfa2226/fpga/hw3/motion_detect/motion_detect_tb.sv" (library work)
@I::"/home/gfa2226/fpga/hw3/motion_detect/motion_detect_top.sv" (library work)
@I::"/home/gfa2226/fpga/hw3/motion_detect/subtract.sv" (library work)
Verilog syntax check successful!
@N:: Applying property .distcompmodetop with value 1 on module motion_detect_top in library work
@N:: Applying property .distcompnoprune with value 1 on module motion_detect_top in library work
@N:: Applying property .noprune with value 1 on module motion_detect_top in library work
@N:: Applying property .distcompnoprune with value 1 on module fifo in library work
@N:: Applying property .noprune with value 1 on module fifo in library work
@N:: Applying property .distcompnoprune with value 1 on module highlight in library work
@N:: Applying property .noprune with value 1 on module highlight in library work
@N:: Applying property .distcompnoprune with value 1 on module subtract in library work
@N:: Applying property .noprune with value 1 on module subtract in library work
@N:: Applying property .distcompnoprune with value 1 on module grayscale in library work
@N:: Applying property .noprune with value 1 on module grayscale in library work
Selecting top level module motion_detect_top
@N: CG364 :"/home/gfa2226/fpga/hw3/motion_detect/fifo.sv":2:7:2:10|Synthesizing module fifo in library work.

	FIFO_DATA_WIDTH=32'b00000000000000000000000000011000
	FIFO_BUFFER_SIZE=32'b00000000000000000000000000100000
	FIFO_ADDR_WIDTH=32'b00000000000000000000000000000110
   Generated name = fifo_24s_32s_6s
Running optimization stage 1 on fifo_24s_32s_6s .......
@N: CL134 :"/home/gfa2226/fpga/hw3/motion_detect/fifo.sv":35:4:35:12|Found RAM fifo_buf, depth=32, width=24
@N: CG364 :"/home/gfa2226/fpga/hw3/motion_detect/grayscale.sv":1:7:1:15|Synthesizing module grayscale in library work.
Running optimization stage 1 on grayscale .......
@N: CG364 :"/home/gfa2226/fpga/hw3/motion_detect/subtract.sv":1:7:1:14|Synthesizing module subtract in library work.
Running optimization stage 1 on subtract .......
@N: CG364 :"/home/gfa2226/fpga/hw3/motion_detect/highlight.sv":1:7:1:15|Synthesizing module highlight in library work.
@E: CG478 :"/home/gfa2226/fpga/hw3/motion_detect/highlight.sv":41:45:41:46|Expression size is either 0 or could not be determined.
@E: CG853 :"/home/gfa2226/fpga/hw3/motion_detect/highlight.sv":41:45:41:77|Attempting to evaluate unsized expression
@N: CG364 :"/home/gfa2226/fpga/hw3/motion_detect/motion_detect_top.sv":1:7:1:23|Synthesizing module motion_detect_top in library work.
@W: CG133 :"/home/gfa2226/fpga/hw3/motion_detect/motion_detect_top.sv":14:17:14:21|Object rd_en is declared but not assigned. Either assign a value or remove the declaration.
@W: CG133 :"/home/gfa2226/fpga/hw3/motion_detect/motion_detect_top.sv":33:6:33:23|Object highlight_fr_wr_en is declared but not assigned. Either assign a value or remove the declaration.
@W: CG133 :"/home/gfa2226/fpga/hw3/motion_detect/motion_detect_top.sv":34:23:34:38|Object highlight_fr_din is declared but not assigned. Either assign a value or remove the declaration.
Running optimization stage 1 on motion_detect_top .......
Running optimization stage 2 on motion_detect_top .......
@A: CL153 :"/home/gfa2226/fpga/hw3/motion_detect/motion_detect_top.sv":14:17:14:21|*Unassigned bits of rd_en are referenced and tied to 0 -- simulation mismatch possible.
@A: CL153 :"/home/gfa2226/fpga/hw3/motion_detect/motion_detect_top.sv":33:6:33:23|*Unassigned bits of highlight_fr_wr_en are referenced and tied to 0 -- simulation mismatch possible.
@A: CL153 :"/home/gfa2226/fpga/hw3/motion_detect/motion_detect_top.sv":34:23:34:38|*Unassigned bits of highlight_fr_din[23:0] are referenced and tied to 0 -- simulation mismatch possible.
Running optimization stage 2 on subtract .......
@W: CL279 :"/home/gfa2226/fpga/hw3/motion_detect/subtract.sv":20:0:20:8|Pruning register bits 23 to 1 of sub[23:0]. If this is not the intended behavior, drive the inputs with valid values, or inputs from the top level.
Running optimization stage 2 on grayscale .......
Running optimization stage 2 on fifo_24s_32s_6s .......

For a summary of runtime and memory usage per design unit, please see file:
==========================================================
@L: /home/gfa2226/fpga/hw3/motion_detect/syn/rev_1/synwork//distcomp/distcomp0/distcomp0.rt.csv

@END

At c_ver Exit (Real Time elapsed 0h:00m:00s; CPU Time elapsed 0h:00m:00s; Memory used current: 81MB peak: 84MB)

Process took 0h:00m:01s realtime, 0h:00m:01s cputime

Process completed successfully.
# Tue Jan 24 23:53:36 2023

###########################################################]
