/vol/synopsys/fpga/O-2018.09-SP1/bin/c_hdl  -osyn  /home/gfa2226/fpga/hw3/motion_detect/syn/rev_1/synwork/subtract_comp.srs  -hdllog  /home/gfa2226/fpga/hw3/motion_detect/syn/rev_1/synlog/subtract_compiler.srr  -encrypt  -mp  4  -prodtype  synplify_premier  -licensetype  synplifypremierdp  -distcompmode 1 -verification_mode 0  -verilog  -prodtype  synplify_premier  -verification_mode 0 -infer_seqShift -primux -fixsmult -dspmac -nram -divnmod -continue_on_error -nostructver   -I /home/gfa2226/fpga/hw3/motion_detect/syn/  -I /vol/synopsys/fpga/O-2018.09-SP1/lib   -sysv  -devicelib  /vol/synopsys/fpga/O-2018.09-SP1/lib/altera/altera.v  -devicelib  /vol/synopsys/fpga/O-2018.09-SP1/lib/altera/quartus_prime181/cycloneive.v  -devicelib  /vol/synopsys/fpga/O-2018.09-SP1/lib/altera/quartus_prime181/altera_mf.v  -devicelib  /vol/synopsys/fpga/O-2018.09-SP1/lib/altera/quartus_prime181/altera_lpm.v  -devicelib  /vol/synopsys/fpga/O-2018.09-SP1/lib/altera/quartus_prime181/altera_primitives.v  -encrypt  -pro  -dmgen  /home/gfa2226/fpga/hw3/motion_detect/syn/rev_1/dm  -auto_infer_blackbox 0 -proto -ui -fid2 -ram -sharing on -ll 2000 -autosm  -D_MULTIPLE_FILE_COMPILATION_UNIT_  -fast_synthesis 0  -lib work -fsysv /home/gfa2226/fpga/hw3/motion_detect/fifo.sv -lib work -fsysv /home/gfa2226/fpga/hw3/motion_detect/grayscale.sv -lib work -fsysv /home/gfa2226/fpga/hw3/motion_detect/highlight.sv -lib work -fsysv /home/gfa2226/fpga/hw3/motion_detect/motion_detect_tb.sv -lib work -fsysv /home/gfa2226/fpga/hw3/motion_detect/motion_detect_top.sv -lib work -fsysv /home/gfa2226/fpga/hw3/motion_detect/subtract.sv  -jobname  "compiler" 
relcom:/vol/synopsys/fpga/O-2018.09-SP1/bin/c_hdl -osyn ../synwork/subtract_comp.srs -hdllog ../synlog/subtract_compiler.srr -encrypt -mp 4 -prodtype synplify_premier -licensetype synplifypremierdp -distcompmode 1 -verification_mode 0 -verilog -prodtype synplify_premier -verification_mode 0 -infer_seqShift -primux -fixsmult -dspmac -nram -divnmod -continue_on_error -nostructver -I ../../ -I /vol/synopsys/fpga/O-2018.09-SP1/lib -sysv -devicelib /vol/synopsys/fpga/O-2018.09-SP1/lib/altera/altera.v -devicelib /vol/synopsys/fpga/O-2018.09-SP1/lib/altera/quartus_prime181/cycloneive.v -devicelib /vol/synopsys/fpga/O-2018.09-SP1/lib/altera/quartus_prime181/altera_mf.v -devicelib /vol/synopsys/fpga/O-2018.09-SP1/lib/altera/quartus_prime181/altera_lpm.v -devicelib /vol/synopsys/fpga/O-2018.09-SP1/lib/altera/quartus_prime181/altera_primitives.v -encrypt -pro -dmgen ../dm -auto_infer_blackbox 0 -proto -ui -fid2 -ram -sharing on -ll 2000 -autosm -D_MULTIPLE_FILE_COMPILATION_UNIT_ -fast_synthesis 0 -lib work -fsysv ../../../fifo.sv -lib work -fsysv ../../../grayscale.sv -lib work -fsysv ../../../highlight.sv -lib work -fsysv ../../../motion_detect_tb.sv -lib work -fsysv ../../../motion_detect_top.sv -lib work -fsysv ../../../subtract.sv -jobname "compiler"
rc:0 success:1 runtime:4
file:../synwork/subtract_comp.srs|io:o|time:1674626018|size:9288|exec:0|csum:
file:../synlog/subtract_compiler.srr|io:o|time:1674626018|size:12481|exec:0|csum:
file:/vol/synopsys/fpga/O-2018.09-SP1/lib/altera/altera.v|io:i|time:1543381811|size:761|exec:0|csum:530DBF8BEE396EFE8B33F0255371F1EA
file:/vol/synopsys/fpga/O-2018.09-SP1/lib/altera/quartus_prime181/cycloneive.v|io:i|time:1543381840|size:248626|exec:0|csum:B7FC851277DB49C2CA5F418047EB2E4F
file:/vol/synopsys/fpga/O-2018.09-SP1/lib/altera/quartus_prime181/altera_mf.v|io:i|time:1543381839|size:2618882|exec:0|csum:84794777C52804010B1D63698E285DB9
file:/vol/synopsys/fpga/O-2018.09-SP1/lib/altera/quartus_prime181/altera_lpm.v|io:i|time:1543381839|size:14867|exec:0|csum:01D82E1D5975CD832C9D765243E5182D
file:/vol/synopsys/fpga/O-2018.09-SP1/lib/altera/quartus_prime181/altera_primitives.v|io:i|time:1543381839|size:35286|exec:0|csum:C0AAD8CA21730C472D624582C058B929
file:./-fsysv|io:i|time:0|size:-1|exec:0|csum:
file:../../../fifo.sv|io:i|time:1642525910|size:2433|exec:0|csum:FB0A48CF56239234F399E0DB7C246C61
file:./-fsysv|io:i|time:0|size:-1|exec:0|csum:
file:../../../grayscale.sv|io:i|time:1674554952|size:1408|exec:0|csum:2EBAEA68EA93B7C0A349E8B18952A208
file:./-fsysv|io:i|time:0|size:-1|exec:0|csum:
file:../../../highlight.sv|io:i|time:1674558006|size:1563|exec:0|csum:D904CAD62701E60D97299E2219E55FCE
file:./-fsysv|io:i|time:0|size:-1|exec:0|csum:
file:../../../motion_detect_tb.sv|io:i|time:1674546635|size:0|exec:0|csum:D41D8CD98F00B204E9800998ECF8427E
file:./-fsysv|io:i|time:0|size:-1|exec:0|csum:
file:../../../motion_detect_top.sv|io:i|time:1674625387|size:6539|exec:0|csum:C138237B66F3E48F5E1621031EACDD29
file:./-fsysv|io:i|time:0|size:-1|exec:0|csum:
file:../../../subtract.sv|io:i|time:1674553007|size:1573|exec:0|csum:348D89E8CB3B348437F649F31C427330
file:/vol/synopsys/fpga/O-2018.09-SP1/linux_a_64/c_hdl|io:i|time:1543382462|size:8760008|exec:1|csum:CF968C540087EF9F5288FFCDBF191EA5
file:/vol/synopsys/fpga/O-2018.09-SP1/bin/c_hdl|io:i|time:1543382354|size:367|exec:1|csum:E52A0D56112AD6C22F02B648B6F508CE
