/vol/synopsys/fpga/O-2018.09-SP1/bin/m_altera  -prodtype  synplify_premier  -encrypt  -pro  -rundir  /home/gfa2226/fpga/hw3/motion_detect/syn/rev_1   -part EP4CE6EA22-7    -maxfan 30 -verification_mode 0 -infer_seqShift -pipe -fixgatedclocks 1 -fixgeneratedclocks 1 -syn_altera_model on -mif_files_dirs " " -synthesis_strategy advanced -continue_on_error -validate_mif_files -reporting_ctd 0 -RWCheckOnRam 1 -summaryfile /home/gfa2226/fpga/hw3/motion_detect/syn/rev_1/synlog/report/subtract_fpga_mapper.xml -merge_inferred_clocks 0  -map  -licensetype  synplifypremierdp  -flow mapping  -mp  4  -prjfile  /home/gfa2226/fpga/hw3/motion_detect/syn/rev_1/scratchproject.prs  -implementation  rev_1  -multisrs  -vqm41  -ovqm  /home/gfa2226/fpga/hw3/motion_detect/syn/rev_1/subtract.vqm   -autoconstraint  -freq 1.000   /home/gfa2226/fpga/hw3/motion_detect/syn/rev_1/synwork/subtract_prem.srd  -sap  /home/gfa2226/fpga/hw3/motion_detect/syn/rev_1/subtract.sap  -otap  /home/gfa2226/fpga/hw3/motion_detect/syn/rev_1/subtract.tap  -omap  /home/gfa2226/fpga/hw3/motion_detect/syn/rev_1/subtract.map  -devicelib  /vol/synopsys/fpga/O-2018.09-SP1/lib/altera/altera.v  -devicelib  /vol/synopsys/fpga/O-2018.09-SP1/lib/altera/quartus_prime181/cycloneive.v  -devicelib  /vol/synopsys/fpga/O-2018.09-SP1/lib/altera/quartus_prime181/altera_mf.v  -devicelib  /vol/synopsys/fpga/O-2018.09-SP1/lib/altera/quartus_prime181/altera_lpm.v  -devicelib  /vol/synopsys/fpga/O-2018.09-SP1/lib/altera/quartus_prime181/altera_primitives.v  -sap  /home/gfa2226/fpga/hw3/motion_detect/syn/rev_1/subtract.sap  -ologparam  /home/gfa2226/fpga/hw3/motion_detect/syn/rev_1/syntmp/subtract.plg  -osyn  /home/gfa2226/fpga/hw3/motion_detect/syn/rev_1/subtract.srm  -prjdir  /home/gfa2226/fpga/hw3/motion_detect/syn/  -prjname  proj_1  -log  /home/gfa2226/fpga/hw3/motion_detect/syn/rev_1/synlog/subtract_fpga_mapper.srr  -sn  2018.09  -jobname  "fpga_mapper" 
relcom:/vol/synopsys/fpga/O-2018.09-SP1/bin/m_altera -prodtype synplify_premier -encrypt -pro -rundir ../../rev_1 -part EP4CE6EA22-7 -maxfan 30 -verification_mode 0 -infer_seqShift -pipe -fixgatedclocks 1 -fixgeneratedclocks 1 -syn_altera_model on -mif_files_dirs " " -synthesis_strategy advanced -continue_on_error -validate_mif_files -reporting_ctd 0 -RWCheckOnRam 1 -summaryfile ../synlog/report/subtract_fpga_mapper.xml -merge_inferred_clocks 0 -map -licensetype synplifypremierdp -flow mapping -mp 4 -prjfile ../scratchproject.prs -implementation rev_1 -multisrs -vqm41 -ovqm ../subtract.vqm -autoconstraint -freq 1.000 ../synwork/subtract_prem.srd -sap ../subtract.sap -otap ../subtract.tap -omap ../subtract.map -devicelib /vol/synopsys/fpga/O-2018.09-SP1/lib/altera/altera.v -devicelib /vol/synopsys/fpga/O-2018.09-SP1/lib/altera/quartus_prime181/cycloneive.v -devicelib /vol/synopsys/fpga/O-2018.09-SP1/lib/altera/quartus_prime181/altera_mf.v -devicelib /vol/synopsys/fpga/O-2018.09-SP1/lib/altera/quartus_prime181/altera_lpm.v -devicelib /vol/synopsys/fpga/O-2018.09-SP1/lib/altera/quartus_prime181/altera_primitives.v -sap ../subtract.sap -ologparam subtract.plg -osyn ../subtract.srm -prjdir ../../ -prjname proj_1 -log ../synlog/subtract_fpga_mapper.srr -sn 2018.09 -jobname "fpga_mapper"
rc:1 success:1 runtime:4
file:../scratchproject.prs|io:o|time:1674626015|size:2210|exec:0|csum:
file:../subtract.vqm|io:o|time:1674626022|size:202266|exec:0|csum:
file:../synwork/subtract_prem.srd|io:i|time:1674626019|size:18559|exec:0|csum:47144F98B1605D4F5A89C6DB6EFCDEEB
file:../subtract.sap|io:o|time:1674626019|size:982|exec:0|csum:
file:../subtract.tap|io:o|time:0|size:-1|exec:0|csum:
file:../subtract.map|io:o|time:1674626023|size:27|exec:0|csum:
file:/vol/synopsys/fpga/O-2018.09-SP1/lib/altera/altera.v|io:i|time:1543381811|size:761|exec:0|csum:530DBF8BEE396EFE8B33F0255371F1EA
file:/vol/synopsys/fpga/O-2018.09-SP1/lib/altera/quartus_prime181/cycloneive.v|io:i|time:1543381840|size:248626|exec:0|csum:B7FC851277DB49C2CA5F418047EB2E4F
file:/vol/synopsys/fpga/O-2018.09-SP1/lib/altera/quartus_prime181/altera_mf.v|io:i|time:1543381839|size:2618882|exec:0|csum:84794777C52804010B1D63698E285DB9
file:/vol/synopsys/fpga/O-2018.09-SP1/lib/altera/quartus_prime181/altera_lpm.v|io:i|time:1543381839|size:14867|exec:0|csum:01D82E1D5975CD832C9D765243E5182D
file:/vol/synopsys/fpga/O-2018.09-SP1/lib/altera/quartus_prime181/altera_primitives.v|io:i|time:1543381839|size:35286|exec:0|csum:C0AAD8CA21730C472D624582C058B929
file:../subtract.sap|io:o|time:1674626019|size:982|exec:0|csum:
file:subtract.plg|io:o|time:1674626023|size:773|exec:0|csum:
file:../subtract.srm|io:o|time:1674626023|size:57315|exec:0|csum:
file:../synlog/subtract_fpga_mapper.srr|io:o|time:1674626023|size:123764|exec:0|csum:
file:/vol/synopsys/fpga/O-2018.09-SP1/linux_a_64/m_altera|io:i|time:1543382473|size:31613712|exec:1|csum:5FBEB6EEDF3364EAF4B7F14711D19D39
file:/vol/synopsys/fpga/O-2018.09-SP1/bin/m_altera|io:i|time:1543381999|size:347|exec:1|csum:04851DFC0CBB288ED81DA3E420127D0D
