
Copyright (C) 1994-2018 Synopsys, Inc.
This Synopsys software and all associated documentation are proprietary to Synopsys, Inc.
and may only be used pursuant to the terms and conditions of a written license agreement
with Synopsys, Inc. All other use, reproduction, modification, or distribution of the
Synopsys software or the associated documentation is strictly prohibited.
Tool: Synplify (R) Premier
Build: O-2018.09-SP1
Install: /vol/synopsys/fpga/O-2018.09-SP1
OS: Red Hat Enterprise Linux 8.7 (Ootpa)
Hostname: joker.ece.northwestern.edu
max virtual memory: unlimited (bytes)
max user processes: 62381
max stack size: 8388608 (bytes)


Implementation : rev_1
Synopsys HDL compiler and linker, Version comp2018q4p1, Build 004R, Built Nov 27 2018 21:19:49

Modified Files: 17
FID:  path (prevtimestamp, timestamp)
0        /home/gfa2226/fpga/hw3/motion_detect/fifo.sv (N/A, 2022-01-18 11:11:50)
1        /home/gfa2226/fpga/hw3/motion_detect/grayscale.sv (N/A, 2023-01-24 04:09:12)
2        /home/gfa2226/fpga/hw3/motion_detect/highlight.sv (N/A, 2023-01-24 05:00:06)
3        /home/gfa2226/fpga/hw3/motion_detect/motion_detect_tb.sv (N/A, 2023-01-24 01:50:35)
4        /home/gfa2226/fpga/hw3/motion_detect/motion_detect_top.sv (N/A, 2023-01-24 23:43:07)
5        /home/gfa2226/fpga/hw3/motion_detect/subtract.sv (N/A, 2023-01-24 03:36:47)
6        /home/gfa2226/fpga/hw3/motion_detect/syn/rev_1/synwork//distcomp/distcomp0/distcomp0.xmr (N/A, 2023-01-24 23:53:35)
7        /vol/synopsys/fpga/O-2018.09-SP1/lib/altera/altera.v (N/A, 2018-11-27 23:10:11)
8        /vol/synopsys/fpga/O-2018.09-SP1/lib/altera/quartus_prime181/altera_lpm.v (N/A, 2018-11-27 23:10:39)
9        /vol/synopsys/fpga/O-2018.09-SP1/lib/altera/quartus_prime181/altera_mf.v (N/A, 2018-11-27 23:10:39)
10       /vol/synopsys/fpga/O-2018.09-SP1/lib/altera/quartus_prime181/altera_primitives.v (N/A, 2018-11-27 23:10:39)
11       /vol/synopsys/fpga/O-2018.09-SP1/lib/altera/quartus_prime181/cycloneive.v (N/A, 2018-11-27 23:10:40)
12       /vol/synopsys/fpga/O-2018.09-SP1/lib/synip/hcei/zceistubs.v (N/A, 2018-11-27 23:12:11)
13       /vol/synopsys/fpga/O-2018.09-SP1/lib/vlog/hypermods.v (N/A, 2018-11-27 23:17:48)
14       /vol/synopsys/fpga/O-2018.09-SP1/lib/vlog/scemi_objects.v (N/A, 2018-11-27 23:17:48)
15       /vol/synopsys/fpga/O-2018.09-SP1/lib/vlog/scemi_pipes.svh (N/A, 2018-11-27 23:17:48)
16       /vol/synopsys/fpga/O-2018.09-SP1/lib/vlog/umr_capim.v (N/A, 2018-08-08 02:43:25)

*******************************************************************
Modules that may have changed as a result of file changes: 5
MID:  lib.cell.view
0        work.fifo.verilog may have changed because the following files changed:
                        /home/gfa2226/fpga/hw3/motion_detect/fifo.sv (N/A, 2022-01-18 11:11:50) <-- (module definition)
                        /home/gfa2226/fpga/hw3/motion_detect/motion_detect_top.sv (N/A, 2023-01-24 23:43:07) <-- (may instantiate this module)
1        work.grayscale.verilog may have changed because the following files changed:
                        /home/gfa2226/fpga/hw3/motion_detect/grayscale.sv (N/A, 2023-01-24 04:09:12) <-- (module definition)
                        /home/gfa2226/fpga/hw3/motion_detect/motion_detect_top.sv (N/A, 2023-01-24 23:43:07) <-- (may instantiate this module)
2        work.highlight.verilog may have changed because the following files changed:
                        /home/gfa2226/fpga/hw3/motion_detect/highlight.sv (N/A, 2023-01-24 05:00:06) <-- (module definition)
                        /home/gfa2226/fpga/hw3/motion_detect/motion_detect_top.sv (N/A, 2023-01-24 23:43:07) <-- (may instantiate this module)
3        work.motion_detect_top.verilog may have changed because the following files changed:
                        /home/gfa2226/fpga/hw3/motion_detect/motion_detect_top.sv (N/A, 2023-01-24 23:43:07) <-- (module definition)
4        work.subtract.verilog may have changed because the following files changed:
                        /home/gfa2226/fpga/hw3/motion_detect/motion_detect_top.sv (N/A, 2023-01-24 23:43:07) <-- (may instantiate this module)
                        /home/gfa2226/fpga/hw3/motion_detect/subtract.sv (N/A, 2023-01-24 03:36:47) <-- (module definition)

*******************************************************************
Unmodified files: 0
FID:  path (timestamp)

*******************************************************************
Unchanged modules: 0
MID:  lib.cell.view
