
                             Synplify (R) Premier 

                Version O-2018.09-SP1 for RHEL64 - Nov 27, 2018 

                    Copyright (c) 1988 - 2018 Synopsys, Inc.
   This software and the associated documentation are proprietary to Synopsys,
 Inc. This software may only be used in accordance with the terms and conditions
 of a written license agreement with Synopsys, Inc. All other use, reproduction,
            or distribution of this software is strictly prohibited.

Starting:    /vol/synopsys/fpga/O-2018.09-SP1/linux_a_64/mbin/synplify
Install:     /vol/synopsys/fpga/O-2018.09-SP1
Hostname:    joker.ece.northwestern.edu
Date:        Wed Jan 25 05:20:15 2023
Version:     O-2018.09-SP1

Arguments:   -product synplify_premier
ProductType: synplify_premier

License checkout: synplifypremierdp
License: synplifypremierdp from server synopsyslm.ece.northwestern.edu (Using premium license)
Licensed Vendor: All FPGA
License Option: ident



log file: "/home/gfa2226/fpga/hw3/motion_detect/syn/rev_2/subtract.srr"
Running: rev_2 in foreground

Running proj_1|rev_2

Running Flow: compile (Compile) on proj_1|rev_2
# Wed Jan 25 05:20:58 2023

Running Flow: compile_flow (Compile Process) on proj_1|rev_2
# Wed Jan 25 05:20:58 2023
License granted for 4 parallel jobs

Running: compiler (Compile Input) on proj_1|rev_2
# Wed Jan 25 05:20:58 2023
Copied /home/gfa2226/fpga/hw3/motion_detect/syn/rev_2/synwork/subtract_comp.srs to /home/gfa2226/fpga/hw3/motion_detect/syn/rev_2/subtract.srs

compiler completed
# Wed Jan 25 05:21:01 2023

Return Code: 0
Run Time:00h:00m:03s

Running: multi_srs_gen (Multi-srs Generator) on proj_1|rev_2
# Wed Jan 25 05:21:01 2023

multi_srs_gen completed
# Wed Jan 25 05:21:01 2023

Return Code: 0
Run Time:00h:00m:00s
Copied /home/gfa2226/fpga/hw3/motion_detect/syn/rev_2/synwork/subtract_mult.srs to /home/gfa2226/fpga/hw3/motion_detect/syn/rev_2/subtract.srs
Complete: Compile Process on proj_1|rev_2

Running: premap (Premap) on proj_1|rev_2
# Wed Jan 25 05:21:01 2023

premap completed with warnings
# Wed Jan 25 05:21:02 2023

Return Code: 1
Run Time:00h:00m:01s
Complete: Compile on proj_1|rev_2

Running Flow: map (Map) on proj_1|rev_2
# Wed Jan 25 05:21:02 2023
License granted for 4 parallel jobs

Running: fpga_mapper (Map & Optimize) on proj_1|rev_2
# Wed Jan 25 05:21:02 2023
Copied /home/gfa2226/fpga/hw3/motion_detect/syn/rev_2/synwork/subtract_m.srm to /home/gfa2226/fpga/hw3/motion_detect/syn/rev_2/subtract.srm

fpga_mapper completed with warnings
# Wed Jan 25 05:21:03 2023

Return Code: 1
Run Time:00h:00m:01s
Complete: Map on proj_1|rev_2
Complete: Logic Synthesis on proj_1|rev_2
0Copied /home/gfa2226/fpga/hw3/motion_detect/syn/rev_2/subtract.srr to /home/gfa2226/fpga/hw3/motion_detect/syn/rev_2/backup/subtract.srr
log file: "/home/gfa2226/fpga/hw3/motion_detect/syn/rev_2/subtract.srr"
Running: rev_2 in foreground

Running proj_1|rev_2

Running Flow: compile (Compile) on proj_1|rev_2
# Wed Jan 25 05:21:33 2023

Running Flow: compile_flow (Compile Process) on proj_1|rev_2
# Wed Jan 25 05:21:33 2023
License granted for 4 parallel jobs

Running: compiler (Compile Input) on proj_1|rev_2
# Wed Jan 25 05:21:33 2023

compiler completed
# Wed Jan 25 05:21:35 2023

Return Code: 0
Run Time:00h:00m:02s

Running: multi_srs_gen (Multi-srs Generator) on proj_1|rev_2
# Wed Jan 25 05:21:35 2023
Up-To-Date: multi_srs_gen. No run necessary
Complete: Compile Process on proj_1|rev_2

Running: premap (Premap) on proj_1|rev_2
# Wed Jan 25 05:21:36 2023
Up-To-Date: premap. No run necessary
Complete: Compile on proj_1|rev_2

Running Flow: map (Map) on proj_1|rev_2
# Wed Jan 25 05:21:36 2023
License granted for 4 parallel jobs

Running: fpga_mapper (Map & Optimize) on proj_1|rev_2
# Wed Jan 25 05:21:36 2023
Up-To-Date: fpga_mapper. No run necessary
Complete: Map on proj_1|rev_2
Complete: Logic Synthesis on proj_1|rev_2
0Removed file: /home/gfa2226/fpga/hw3/motion_detect/motion_detect_tb.sv
log file: "/home/gfa2226/fpga/hw3/motion_detect/syn/rev_2/subtract.srr"
Running: rev_2 in foreground

Running proj_1|rev_2

Running Flow: compile (Compile) on proj_1|rev_2
# Wed Jan 25 05:21:58 2023

Running Flow: compile_flow (Compile Process) on proj_1|rev_2
# Wed Jan 25 05:21:58 2023
License granted for 4 parallel jobs

Running: compiler (Compile Input) on proj_1|rev_2
# Wed Jan 25 05:21:58 2023
Copied /home/gfa2226/fpga/hw3/motion_detect/syn/rev_2/synwork/subtract_comp.srs to /home/gfa2226/fpga/hw3/motion_detect/syn/rev_2/subtract.srs

compiler completed
# Wed Jan 25 05:22:02 2023

Return Code: 0
Run Time:00h:00m:04s

Running: multi_srs_gen (Multi-srs Generator) on proj_1|rev_2
# Wed Jan 25 05:22:02 2023

multi_srs_gen completed
# Wed Jan 25 05:22:02 2023

Return Code: 0
Run Time:00h:00m:00s
Copied /home/gfa2226/fpga/hw3/motion_detect/syn/rev_2/synwork/subtract_mult.srs to /home/gfa2226/fpga/hw3/motion_detect/syn/rev_2/subtract.srs
Complete: Compile Process on proj_1|rev_2

Running: premap (Premap) on proj_1|rev_2
# Wed Jan 25 05:22:02 2023

premap completed with warnings
# Wed Jan 25 05:22:02 2023

Return Code: 1
Run Time:00h:00m:00s
Complete: Compile on proj_1|rev_2

Running Flow: map (Map) on proj_1|rev_2
# Wed Jan 25 05:22:02 2023
License granted for 4 parallel jobs

Running: fpga_mapper (Map & Optimize) on proj_1|rev_2
# Wed Jan 25 05:22:02 2023
Copied /home/gfa2226/fpga/hw3/motion_detect/syn/rev_2/synwork/subtract_m.srm to /home/gfa2226/fpga/hw3/motion_detect/syn/rev_2/subtract.srm

fpga_mapper completed with warnings
# Wed Jan 25 05:22:06 2023

Return Code: 1
Run Time:00h:00m:04s
Complete: Map on proj_1|rev_2
Complete: Logic Synthesis on proj_1|rev_2
0exit status=0
License checkin: synplifypremierdp
