##### START OF AREA REPORT #####[
Design view:work.motion_detect_top(verilog)
Selecting part EP4CE6E22A7

Total combinational functions 338 of 6272 ( 5%)
Logic element usage by number of inputs
		  4 input functions 	 116
		  3 input functions 	 55
		  <=2 input functions 	 167
Logic elements by mode
		  normal mode            213
		  arithmetic mode        125
Total registers 99 of 6272 ( 1%)
I/O pins 80 of 180 (44%), total I/O based on largest package of this part.

Number of I/O registers
			Input DDRs    :0
			Output DDRs   :0

DSP Blocks:     0  (0 nine-bit DSP elements).
DSP Utilization: 0.00% of available 15 blocks (30 nine-bit).
ShiftTap:       0  (0 registers)
Total ESB:      4608 bits 

Black-boxes:    1

##### END OF AREA REPORT #####]

